<?xml version="1.0" encoding="UTF-8"?>
<!-- Generated by org.testng.reporters.JUnitReportReporter -->
<testsuite hostname="Rezkys-MacBook-Pro.local" failures="0" tests="1" name="tests.FirstAppium" time="43.351" errors="0" timestamp="2021-03-06T16:33:08 WIB" skipped="0">
  <testcase classname="tests.FirstAppium" name="setup" time="43.351"/>
  <system-out/>
</testsuite> <!-- tests.FirstAppium -->
